
*** Running vivado
    with args -log bluex_demux_id_0_0.vds -m64 -product Vivado -mode batch -messageDb vivado.pb -notrace -source bluex_demux_id_0_0.tcl


ECHO 处于关闭状态。
ECHO 处于关闭状态。

****** Vivado v2023.2 (64-bit)
  **** SW Build 4029153 on Fri Oct 13 20:14:34 MDT 2023
  **** IP Build 4028589 on Sat Oct 14 00:45:43 MDT 2023
  **** SharedData Build 4025554 on Tue Oct 10 17:18:54 MDT 2023
    ** Copyright 1986-2022 Xilinx, Inc. All Rights Reserved.
    ** Copyright 2022-2023 Advanced Micro Devices, Inc. All Rights Reserved.

source bluex_demux_id_0_0.tcl -notrace
create_project: Time (s): cpu = 00:00:07 ; elapsed = 00:00:08 . Memory (MB): peak = 469.238 ; gain = 182.941
INFO: [IP_Flow 19-234] Refreshing IP repositories
INFO: [IP_Flow 19-1704] No user IP repositories specified
INFO: [IP_Flow 19-2313] Loaded Vivado IP repository 'D:/Softwares/XILINX/Vivado/2023.2/data/ip'.
INFO: [IP_Flow 19-6924] IPCACHE: Running cache check for IP inst: bluex_demux_id_0_0
Command: synth_design -top bluex_demux_id_0_0 -part xc7z020clg400-2 -incremental_mode off -mode out_of_context
Starting synth_design
Attempting to get a license for feature 'Synthesis' and/or device 'xc7z020'
INFO: [Common 17-349] Got license for feature 'Synthesis' and/or device 'xc7z020'
INFO: [Designutils 20-5008] Incremental synthesis strategy off
INFO: [Synth 8-7079] Multithreading enabled for synth_design using a maximum of 2 processes.
INFO: [Synth 8-7078] Launching helper process for spawning children vivado processes
INFO: [Synth 8-7075] Helper process launched with PID 6704
---------------------------------------------------------------------------------
Starting Synthesize : Time (s): cpu = 00:00:08 ; elapsed = 00:00:10 . Memory (MB): peak = 929.043 ; gain = 442.078
---------------------------------------------------------------------------------
INFO: [Synth 8-6157] synthesizing module 'bluex_demux_id_0_0' [d:/MyWorks/Programs/Verilog/vivado/bluex/bluex.gen/sources_1/bd/bluex/ip/bluex_demux_id_0_0/synth/bluex_demux_id_0_0.v:53]
INFO: [Synth 8-6157] synthesizing module 'demux_id' [D:/MyWorks/Programs/Verilog/vivado/bluex/bluex.srcs/sources_1/new/demux_id.v:4]
INFO: [Synth 8-6155] done synthesizing module 'demux_id' (0#1) [D:/MyWorks/Programs/Verilog/vivado/bluex/bluex.srcs/sources_1/new/demux_id.v:4]
INFO: [Synth 8-6155] done synthesizing module 'bluex_demux_id_0_0' (0#1) [d:/MyWorks/Programs/Verilog/vivado/bluex/bluex.gen/sources_1/bd/bluex/ip/bluex_demux_id_0_0/synth/bluex_demux_id_0_0.v:53]
---------------------------------------------------------------------------------
Finished Synthesize : Time (s): cpu = 00:00:09 ; elapsed = 00:00:13 . Memory (MB): peak = 1035.305 ; gain = 548.340
---------------------------------------------------------------------------------
---------------------------------------------------------------------------------
Finished Constraint Validation : Time (s): cpu = 00:00:10 ; elapsed = 00:00:13 . Memory (MB): peak = 1035.305 ; gain = 548.340
---------------------------------------------------------------------------------
---------------------------------------------------------------------------------
Start Loading Part and Timing Information
---------------------------------------------------------------------------------
Loading part: xc7z020clg400-2
---------------------------------------------------------------------------------
Finished Loading Part and Timing Information : Time (s): cpu = 00:00:10 ; elapsed = 00:00:13 . Memory (MB): peak = 1035.305 ; gain = 548.340
---------------------------------------------------------------------------------
INFO: [Device 21-403] Loading part xc7z020clg400-2
---------------------------------------------------------------------------------
Finished RTL Optimization Phase 2 : Time (s): cpu = 00:00:10 ; elapsed = 00:00:14 . Memory (MB): peak = 1035.305 ; gain = 548.340
---------------------------------------------------------------------------------
No constraint files found.
---------------------------------------------------------------------------------
Start RTL Component Statistics 
---------------------------------------------------------------------------------
Detailed RTL Component Info : 
+---Registers : 
	               16 Bit    Registers := 2     
	                6 Bit    Registers := 3     
	                5 Bit    Registers := 4     
+---Muxes : 
	   2 Input    6 Bit        Muxes := 1     
---------------------------------------------------------------------------------
Finished RTL Component Statistics 
---------------------------------------------------------------------------------
---------------------------------------------------------------------------------
Start Part Resource Summary
---------------------------------------------------------------------------------
Part Resources:
DSPs: 220 (col length:60)
BRAMs: 280 (col length: RAMB18 60 RAMB36 30)
---------------------------------------------------------------------------------
Finished Part Resource Summary
---------------------------------------------------------------------------------
No constraint files found.
---------------------------------------------------------------------------------
Start Cross Boundary and Area Optimization
---------------------------------------------------------------------------------
WARNING: [Synth 8-7080] Parallel synthesis criteria is not met
---------------------------------------------------------------------------------
Finished Cross Boundary and Area Optimization : Time (s): cpu = 00:00:14 ; elapsed = 00:00:23 . Memory (MB): peak = 1241.047 ; gain = 754.082
---------------------------------------------------------------------------------
No constraint files found.
---------------------------------------------------------------------------------
Start Timing Optimization
---------------------------------------------------------------------------------
---------------------------------------------------------------------------------
Finished Timing Optimization : Time (s): cpu = 00:00:14 ; elapsed = 00:00:23 . Memory (MB): peak = 1245.820 ; gain = 758.855
---------------------------------------------------------------------------------
---------------------------------------------------------------------------------
Start Technology Mapping
---------------------------------------------------------------------------------
---------------------------------------------------------------------------------
Finished Technology Mapping : Time (s): cpu = 00:00:14 ; elapsed = 00:00:23 . Memory (MB): peak = 1245.820 ; gain = 758.855
---------------------------------------------------------------------------------
---------------------------------------------------------------------------------
Start IO Insertion
---------------------------------------------------------------------------------
---------------------------------------------------------------------------------
Start Flattening Before IO Insertion
---------------------------------------------------------------------------------
---------------------------------------------------------------------------------
Finished Flattening Before IO Insertion
---------------------------------------------------------------------------------
---------------------------------------------------------------------------------
Start Final Netlist Cleanup
---------------------------------------------------------------------------------
---------------------------------------------------------------------------------
Finished Final Netlist Cleanup
---------------------------------------------------------------------------------
---------------------------------------------------------------------------------
Finished IO Insertion : Time (s): cpu = 00:00:21 ; elapsed = 00:00:32 . Memory (MB): peak = 1245.820 ; gain = 758.855
---------------------------------------------------------------------------------
---------------------------------------------------------------------------------
Start Renaming Generated Instances
---------------------------------------------------------------------------------
---------------------------------------------------------------------------------
Finished Renaming Generated Instances : Time (s): cpu = 00:00:21 ; elapsed = 00:00:32 . Memory (MB): peak = 1245.820 ; gain = 758.855
---------------------------------------------------------------------------------
---------------------------------------------------------------------------------
Start Rebuilding User Hierarchy
---------------------------------------------------------------------------------
---------------------------------------------------------------------------------
Finished Rebuilding User Hierarchy : Time (s): cpu = 00:00:21 ; elapsed = 00:00:32 . Memory (MB): peak = 1245.820 ; gain = 758.855
---------------------------------------------------------------------------------
---------------------------------------------------------------------------------
Start Renaming Generated Ports
---------------------------------------------------------------------------------
---------------------------------------------------------------------------------
Finished Renaming Generated Ports : Time (s): cpu = 00:00:21 ; elapsed = 00:00:32 . Memory (MB): peak = 1245.820 ; gain = 758.855
---------------------------------------------------------------------------------
---------------------------------------------------------------------------------
Start Handling Custom Attributes
---------------------------------------------------------------------------------
---------------------------------------------------------------------------------
Finished Handling Custom Attributes : Time (s): cpu = 00:00:21 ; elapsed = 00:00:32 . Memory (MB): peak = 1245.820 ; gain = 758.855
---------------------------------------------------------------------------------
---------------------------------------------------------------------------------
Start Renaming Generated Nets
---------------------------------------------------------------------------------
---------------------------------------------------------------------------------
Finished Renaming Generated Nets : Time (s): cpu = 00:00:21 ; elapsed = 00:00:32 . Memory (MB): peak = 1245.820 ; gain = 758.855
---------------------------------------------------------------------------------
---------------------------------------------------------------------------------
Start Writing Synthesis Report
---------------------------------------------------------------------------------

Report BlackBoxes: 
+-+--------------+----------+
| |BlackBox name |Instances |
+-+--------------+----------+
+-+--------------+----------+

Report Cell Usage: 
+------+-----+------+
|      |Cell |Count |
+------+-----+------+
|1     |LUT1 |     2|
|2     |LUT2 |     2|
|3     |LUT6 |     6|
|4     |FDCE |    54|
+------+-----+------+

Report Instance Areas: 
+------+---------+---------+------+
|      |Instance |Module   |Cells |
+------+---------+---------+------+
|1     |top      |         |    64|
|2     |  inst   |demux_id |    64|
+------+---------+---------+------+
---------------------------------------------------------------------------------
Finished Writing Synthesis Report : Time (s): cpu = 00:00:21 ; elapsed = 00:00:32 . Memory (MB): peak = 1245.820 ; gain = 758.855
---------------------------------------------------------------------------------
Synthesis finished with 0 errors, 0 critical warnings and 1 warnings.
Synthesis Optimization Runtime : Time (s): cpu = 00:00:21 ; elapsed = 00:00:32 . Memory (MB): peak = 1245.820 ; gain = 758.855
Synthesis Optimization Complete : Time (s): cpu = 00:00:21 ; elapsed = 00:00:32 . Memory (MB): peak = 1245.820 ; gain = 758.855
INFO: [Project 1-571] Translating synthesized netlist
Netlist sorting complete. Time (s): cpu = 00:00:00 ; elapsed = 00:00:00.003 . Memory (MB): peak = 1257.875 ; gain = 0.000
INFO: [Project 1-570] Preparing netlist for logic optimization
INFO: [Opt 31-138] Pushed 0 inverter(s) to 0 load pin(s).
Netlist sorting complete. Time (s): cpu = 00:00:00 ; elapsed = 00:00:00 . Memory (MB): peak = 1361.754 ; gain = 0.000
INFO: [Project 1-111] Unisim Transformation Summary:
No Unisim elements were transformed.

系统找不到指定的路径。
Synth Design complete | Checksum: ad96f4e6
INFO: [Common 17-83] Releasing license: Synthesis
19 Infos, 1 Warnings, 0 Critical Warnings and 0 Errors encountered.
synth_design completed successfully
synth_design: Time (s): cpu = 00:00:23 ; elapsed = 00:00:35 . Memory (MB): peak = 1361.754 ; gain = 878.805
INFO: [Timing 38-35] Done setting XDC timing constraints.
INFO: [Common 17-1381] The checkpoint 'D:/MyWorks/Programs/Verilog/vivado/bluex/bluex.runs/bluex_demux_id_0_0_synth_1/bluex_demux_id_0_0.dcp' has been generated.
write_checkpoint: Time (s): cpu = 00:00:08 ; elapsed = 00:00:10 . Memory (MB): peak = 1676.594 ; gain = 314.840
INFO: [Coretcl 2-1648] Added synthesis output to IP cache for IP bluex_demux_id_0_0, cache-ID = a3e40910dc707cac
INFO: [Common 17-1381] The checkpoint 'D:/MyWorks/Programs/Verilog/vivado/bluex/bluex.runs/bluex_demux_id_0_0_synth_1/bluex_demux_id_0_0.dcp' has been generated.
INFO: [runtcl-4] Executing : report_utilization -file bluex_demux_id_0_0_utilization_synth.rpt -pb bluex_demux_id_0_0_utilization_synth.pb
INFO: [Common 17-206] Exiting Vivado at Mon Dec 18 14:34:03 2023...
