Vivado Simulator v2023.2
Copyright 1986-2022 Xilinx, Inc. All Rights Reserved.
Copyright 2022-2023 Advanced Micro Devices, Inc. All Rights Reserved.
Running: D:/Softwares/XILINX/Vivado/2023.2/bin/unwrapped/win64.o/xelab.exe --incr --debug typical --relax --mt 2 --maxdelay -L xil_defaultlib -L simprims_ver -L secureip --snapshot tb_ROM_time_synth -transport_int_delays -pulse_r 0 -pulse_int_r 0 -pulse_e 0 -pulse_int_e 0 xil_defaultlib.tb_ROM xil_defaultlib.glbl -log elaborate.log 
Using 2 slave threads.
Starting static elaboration
Pass Through NonSizing Optimizer
Completed static elaboration
Starting simulation data flow analysis
Completed simulation data flow analysis
INFO: [XSIM 43-3451] SDF backannotation process started with SDF file "tb_ROM_time_synth.sdf", for root module "tb_ROM/u_bluex_wrapper".
INFO: [XSIM 43-3452] SDF backannotation was successful for SDF file "tb_ROM_time_synth.sdf", for root module "tb_ROM/u_bluex_wrapper".
Time Resolution for simulation is 1ps
Compiling module simprims_ver.x_lut3_mux8
Compiling module simprims_ver.LUT3
Compiling module simprims_ver.x_lut1_mux2
Compiling module simprims_ver.LUT1
Compiling module simprims_ver.FDCE_default
Compiling module simprims_ver.CARRY4
Compiling module xil_defaultlib.bluex_PC_0_0_PC
Compiling module xil_defaultlib.bluex_PC_0_0
Compiling module simprims_ver.LUT5
Compiling module simprims_ver.LUT6
Compiling module simprims_ver.FDCE(IS_C_INVERTED=1'b1)
Compiling module simprims_ver.x_lut2_mux4
Compiling module simprims_ver.LUT2
Compiling module simprims_ver.LUT4
Compiling module xil_defaultlib.bluex_alu_ex_0_0_alu_ex
Compiling module xil_defaultlib.bluex_alu_ex_0_0
Compiling module xil_defaultlib.bluex_aux_id_0_0_aux_id
Compiling module xil_defaultlib.bluex_aux_id_0_0
Compiling module xil_defaultlib.bluex_controller_id_0_0_controll...
Compiling module xil_defaultlib.bluex_controller_id_0_0
Compiling module xil_defaultlib.bluex_demux_id_0_0_demux_id
Compiling module xil_defaultlib.bluex_demux_id_0_0
Compiling module xil_defaultlib.bluex_redirection_0_0
Compiling module simprims_ver.GND
Compiling module simprims_ver.MUXF7
Compiling module simprims_ver.FDPE_default
Compiling module xil_defaultlib.bluex_reg_heap_id_0_0_reg_heap_i...
Compiling module xil_defaultlib.bluex_reg_heap_id_0_0
Compiling module xil_defaultlib.bluex_reg_wb_0_0_reg_wb
Compiling module xil_defaultlib.bluex_reg_wb_0_0
Compiling module xil_defaultlib.bluex_util_vector_logic_0_0
Compiling module xil_defaultlib.bluex_util_vector_logic_1_0
Compiling module xil_defaultlib.bluex_util_vector_logic_0_1
Compiling module simprims_ver.VCC
Compiling module xil_defaultlib.bluex_wrapper_mem_0_0_wrapper_me...
Compiling module xil_defaultlib.bluex_wrapper_mem_0_0
Compiling module xil_defaultlib.bluex
Compiling module simprims_ver.IBUF
Compiling module simprims_ver.OBUF
Compiling module xil_defaultlib.bluex_wrapper
Compiling module xil_defaultlib.tb_ROM
Compiling module xil_defaultlib.glbl
Built simulation snapshot tb_ROM_time_synth
